<?xml version="1.0" encoding="UTF-8"?>
<testng-results ignored="0" total="3" passed="2" failed="1" skipped="0">
  <reporter-output>
  </reporter-output>
  <suite started-at="2025-03-07T17:41:24 IST" name="Default suite" finished-at="2025-03-07T17:41:48 IST" duration-ms="24917">
    <groups>
      <group name="cucumber">
        <method signature="AbstractTestNGCucumberTests.runScenario(io.cucumber.testng.PickleWrapper, io.cucumber.testng.FeatureWrapper)[pri:0, instance:runners.TestRunner@58d75e99]" name="runScenario" class="io.cucumber.testng.AbstractTestNGCucumberTests"/>
      </group> <!-- cucumber -->
    </groups>
    <test started-at="2025-03-07T17:41:24 IST" name="Default test" finished-at="2025-03-07T17:41:48 IST" duration-ms="24917">
      <class name="runners.TestRunner">
        <test-method is-config="true" signature="setUpClass(org.testng.ITestContext)[pri:0, instance:runners.TestRunner@58d75e99]" started-at="2025-03-07T17:41:24 IST" name="setUpClass" finished-at="2025-03-07T17:41:25 IST" duration-ms="1498" status="PASS">
          <params>
            <param index="0">
              <value>
                <![CDATA[org.testng.TestRunner@6ceb7b5e]]>
              </value>
            </param>
          </params>
          <reporter-output>
          </reporter-output>
        </test-method> <!-- setUpClass -->
        <test-method signature="runScenario(io.cucumber.testng.PickleWrapper, io.cucumber.testng.FeatureWrapper)[pri:0, instance:runners.TestRunner@58d75e99]" started-at="2025-03-07T17:41:25 IST" name="runScenario" description="Runs Cucumber Scenarios" data-provider="scenarios" finished-at="2025-03-07T17:41:46 IST" duration-ms="21299" status="PASS">
          <params>
            <param index="0">
              <value>
                <![CDATA["User sees an error when logging in with an invalid username"]]>
              </value>
            </param>
            <param index="1">
              <value>
                <![CDATA["Login Test with Positive values and Negative username and Negative password"]]>
              </value>
            </param>
          </params>
          <reporter-output>
          </reporter-output>
        </test-method> <!-- runScenario -->
        <test-method signature="runScenario(io.cucumber.testng.PickleWrapper, io.cucumber.testng.FeatureWrapper)[pri:0, instance:runners.TestRunner@58d75e99]" started-at="2025-03-07T17:41:25 IST" name="runScenario" description="Runs Cucumber Scenarios" data-provider="scenarios" finished-at="2025-03-07T17:41:46 IST" duration-ms="21178" status="FAIL">
          <params>
            <param index="0">
              <value>
                <![CDATA["User successfully logs in with valid credentials"]]>
              </value>
            </param>
            <param index="1">
              <value>
                <![CDATA["Login Test with Positive values and Negative username and Negative password"]]>
              </value>
            </param>
          </params>
          <exception class="java.lang.AssertionError">
            <message>
              <![CDATA[expected [practicetestautomation.com/logged-in-successfully/] but found [https://practicetestautomation.com/logged-in-successfully/]]]>
            </message>
            <full-stacktrace>
              <![CDATA[java.lang.AssertionError: expected [practicetestautomation.com/logged-in-successfully/] but found [https://practicetestautomation.com/logged-in-successfully/]
at org.testng.Assert.fail(Assert.java:97)
at org.testng.Assert.assertEqualsImpl(Assert.java:136)
at org.testng.Assert.assertEquals(Assert.java:118)
at org.testng.Assert.assertEquals(Assert.java:575)
at org.testng.Assert.assertEquals(Assert.java:585)
at steps.LoginDemo.the_new_page_url_should_contain(LoginDemo.java:36)
at âœ½.the new page URL should contain "practicetestautomation.com/logged-in-successfully/"(file:///C:/Users/DELL/eclipse-workspace/cucumberproject/src/test/resources/feature/logindemo.feature:8)
]]>
            </full-stacktrace>
          </exception> <!-- java.lang.AssertionError -->
          <reporter-output>
          </reporter-output>
        </test-method> <!-- runScenario -->
        <test-method signature="runScenario(io.cucumber.testng.PickleWrapper, io.cucumber.testng.FeatureWrapper)[pri:0, instance:runners.TestRunner@58d75e99]" started-at="2025-03-07T17:41:25 IST" name="runScenario" description="Runs Cucumber Scenarios" data-provider="scenarios" finished-at="2025-03-07T17:41:46 IST" duration-ms="21253" status="PASS">
          <params>
            <param index="0">
              <value>
                <![CDATA["User sees an error when logging in with an invalid password"]]>
              </value>
            </param>
            <param index="1">
              <value>
                <![CDATA["Login Test with Positive values and Negative username and Negative password"]]>
              </value>
            </param>
          </params>
          <reporter-output>
          </reporter-output>
        </test-method> <!-- runScenario -->
        <test-method is-config="true" signature="tearDownClass()[pri:0, instance:runners.TestRunner@58d75e99]" started-at="2025-03-07T17:41:46 IST" name="tearDownClass" finished-at="2025-03-07T17:41:48 IST" duration-ms="2021" status="PASS">
          <reporter-output>
          </reporter-output>
        </test-method> <!-- tearDownClass -->
      </class> <!-- runners.TestRunner -->
    </test> <!-- Default test -->
  </suite> <!-- Default suite -->
</testng-results>
